<?xml version="1.0" encoding="UTF-8"?>
<!-- Generated by org.testng.reporters.JUnitXMLReporter -->
<testsuite hostname="LAPTOP-MCMMF3G2" ignored="0" name="Command line test" tests="2" failures="0" timestamp="2020-08-26T16:54:29 IST" time="0.019" errors="0">
  <testcase name="@BeforeClass LaunchBrowser" time="-1.598441069777E9" classname="baselibrary.BaseLibrary">
    <failure type="org.testng.TestNGException" message="
Parameter &amp;apos;url&amp;apos; is required by BeforeClass on method LaunchBrowser but has not been marked @Optional or defined
">
      <![CDATA[org.testng.TestNGException: 
Parameter 'url' is required by BeforeClass on method LaunchBrowser but has not been marked @Optional or defined

at java.util.ArrayList.forEach(ArrayList.java:1257)
at runnableJARFile.TestRunner.main(TestRunner.java:16)
... Removed 19 stack frames]]>
    </failure>
  </testcase> <!-- @BeforeClass LaunchBrowser -->
  <testcase name="@AfterClass closebrowser" time="-1.598441069786E9" classname="baselibrary.BaseLibrary">
    <skipped/>
  </testcase> <!-- @AfterClass closebrowser -->
  <testcase name="register1" time="0.0" classname="testpackage.Testclass">
    <skipped/>
  </testcase> <!-- register1 -->
  <testcase name="signup" time="0.0" classname="testpackage.Testclass">
    <skipped/>
  </testcase> <!-- signup -->
</testsuite> <!-- Command line test -->
